<?xml version="1.0" encoding="UTF-8"?>
<!-- Generated by org.testng.reporters.JUnitXMLReporter -->
<testsuite ignored="17" hostname="LAPTOP-5QGPLEU9" failures="0" tests="1" name="Default test" time="33.659" errors="0" timestamp="2022-05-30T20:59:50 EDT">
  <testcase classname="TestCases.HomePageTest" name="test18" time="33.619"/>
  <testcase classname="TestCases.HomePageTest" name="test6" time="0.0">
    <ignored/>
  </testcase> <!-- test6 -->
  <testcase classname="TestCases.HomePageTest" name="test9" time="0.0">
    <ignored/>
  </testcase> <!-- test9 -->
  <testcase classname="TestCases.HomePageTest" name="test8" time="0.0">
    <ignored/>
  </testcase> <!-- test8 -->
  <testcase classname="TestCases.HomePageTest" name="test3" time="0.0">
    <ignored/>
  </testcase> <!-- test3 -->
  <testcase classname="TestCases.HomePageTest" name="test2" time="0.0">
    <ignored/>
  </testcase> <!-- test2 -->
  <testcase classname="TestCases.HomePageTest" name="test5" time="0.0">
    <ignored/>
  </testcase> <!-- test5 -->
  <testcase classname="TestCases.HomePageTest" name="test4" time="0.0">
    <ignored/>
  </testcase> <!-- test4 -->
  <testcase classname="TestCases.HomePageTest" name="test7" time="0.0">
    <ignored/>
  </testcase> <!-- test7 -->
  <testcase classname="TestCases.HomePageTest" name="test12" time="0.0">
    <ignored/>
  </testcase> <!-- test12 -->
  <testcase classname="TestCases.HomePageTest" name="test11" time="0.0">
    <ignored/>
  </testcase> <!-- test11 -->
  <testcase classname="TestCases.HomePageTest" name="test16" time="0.0">
    <ignored/>
  </testcase> <!-- test16 -->
  <testcase classname="TestCases.HomePageTest" name="test13" time="0.0">
    <ignored/>
  </testcase> <!-- test13 -->
  <testcase classname="TestCases.HomePageTest" name="test10" time="0.0">
    <ignored/>
  </testcase> <!-- test10 -->
  <testcase classname="TestCases.HomePageTest" name="test15" time="0.0">
    <ignored/>
  </testcase> <!-- test15 -->
  <testcase classname="TestCases.HomePageTest" name="test1" time="0.0">
    <ignored/>
  </testcase> <!-- test1 -->
  <testcase classname="TestCases.HomePageTest" name="test17" time="0.0">
    <ignored/>
  </testcase> <!-- test17 -->
  <testcase classname="TestCases.HomePageTest" name="test14" time="0.0">
    <ignored/>
  </testcase> <!-- test14 -->
</testsuite> <!-- Default test -->
